git-lfs/2.5.1 (GitHub; windows amd64; go 1.10.3; git e1628484)
git version 2.19.0.windows.1

$ git.exe filter-process
Unable to move lfs\tmp\866508093 to lfs\objects\5d\75\5d75fcd0e16f119847bb42f6619def63cab7c4a20bbc5877e567408b9572a822


rename lfs\tmp\866508093 lfs\objects\5d\75\5d75fcd0e16f119847bb42f6619def63cab7c4a20bbc5877e567408b9572a822: Access is denied.

Current time in UTC: 
2023-10-30 21:34:39

ENV:
LocalWorkingDir=
LocalGitDir=
LocalGitStorageDir=
LocalMediaDir=lfs\objects
LocalReferenceDirs=
TempDir=lfs\tmp
ConcurrentTransfers=3
TusTransfers=false
BasicTransfersOnly=false
SkipDownloadErrors=false
FetchRecentAlways=false
FetchRecentRefsDays=7
FetchRecentCommitsDays=0
FetchRecentRefsIncludeRemotes=true
PruneOffsetDays=3
PruneVerifyRemoteAlways=false
PruneRemoteName=origin
LfsStorageDir=lfs
AccessDownload=none
AccessUpload=none
DownloadTransfers=basic
UploadTransfers=basic
GIT_ASKPASS=c:/program files/microsoft visual studio/2022/community/common7/ide/commonextensions/microsoft/teamfoundation/team explorer/Git/mingw64/bin\git-askpass.exe
GIT_CEILING_DIRECTORIES=E:/Unity
GIT_CONFIG_PARAMETERS='gc.auto'='0' 'credential.helper'='manager' 'core.askpass'='c:/program files/microsoft visual studio/2022/community/common7/ide/commonextensions/microsoft/teamfoundation/team explorer/Git/mingw64/bin\git-askpass.exe'
GIT_EXEC_PATH=c:/program files/microsoft visual studio/2022/community/common7/ide/commonextensions/microsoft/teamfoundation/team explorer/Git/mingw64/libexec/git-core
GIT_FLUSH=1
GIT_HTTP_USER_AGENT=git/2.39.2 (Microsoft Windows NT 10.0.22621.0; Win32NT x64) CLR/4.0.30319 VS17/17.0.0
GIT_MERGE_VERBOSITY=4
GIT_OPTIONAL_LOCKS=0
GIT_PAGER=cat
GIT_PREFIX=
GIT_TERMINAL_PROMPT=0

Client IP addresses:
fe80::fb16:5041:7160:e0af 192.168.0.149
fe80::d26a:84be:b358:cca5 192.168.196.132
